<?xml version="1.0" encoding="UTF-8"?>
<!-- Generated by org.testng.reporters.JUnitReportReporter -->
<testsuite hostname="ETC1708078" failures="0" tests="2" name="Day05.program04" time="0.018" errors="0" timestamp="2023-02-23T09:53:58 IST" skipped="0">
  <testcase classname="Day05.program04" name="testCase04" time="0.003"/>
  <system-out/>
  <testcase classname="Day05.program04" name="testCase02" time="0.015"/>
  <system-out/>
</testsuite> <!-- Day05.program04 -->
