<?xml version="1.0" encoding="UTF-8"?>
<!-- Generated by org.testng.reporters.JUnitReportReporter -->
<testsuite hostname="ETC1708078" failures="0" tests="3" name="Day06.program02" time="0.016" errors="0" timestamp="2023-02-27T09:50:19 IST" skipped="0">
  <testcase classname="Day06.program02" name="testCase03" time="0.002"/>
  <system-out/>
  <testcase classname="Day06.program02" name="testCase05" time="0.002"/>
  <system-out/>
  <testcase classname="Day06.program02" name="testCase01" time="0.012"/>
  <system-out/>
</testsuite> <!-- Day06.program02 -->
