<?xml version="1.0" encoding="UTF-8"?>
<!-- Generated by org.testng.reporters.JUnitReportReporter -->
<testsuite hostname="ETC1708078" failures="0" tests="4" name="Day05.program03" time="0.020" errors="0" timestamp="2023-02-23T09:34:12 IST" skipped="1">
  <testcase classname="Day05.program03" name="testCase03" time="0.014"/>
  <system-out/>
  <testcase classname="Day05.program03" name="testCase01" time="0.002"/>
  <system-out/>
  <testcase classname="Day05.program03" name="testCase04" time="0.004"/>
  <system-out/>
  <testcase classname="Day05.program03" name="testCase02">
    <skipped/>
  </testcase> <!-- testCase02 -->
  <system-out/>
</testsuite> <!-- Day05.program03 -->
