<?xml version="1.0" encoding="UTF-8"?>
<!-- Generated by org.testng.reporters.JUnitReportReporter -->
<testsuite hostname="ETC1708078" failures="0" tests="1" name="Day06.program05" time="10.222" errors="0" timestamp="2023-02-27T10:13:31 IST" skipped="0">
  <testcase classname="Day06.program05" name="testcase" time="10.222"/>
  <system-out/>
</testsuite> <!-- Day06.program05 -->
