<?xml version="1.0" encoding="UTF-8"?>
<!-- Generated by org.testng.reporters.JUnitReportReporter -->
<testsuite hostname="ETC1708078" failures="0" tests="3" name="Day05.program01" time="0.007" errors="0" timestamp="2023-02-23T09:53:58 IST" skipped="0">
  <testcase classname="Day05.program01" name="testCase01" time="0.002"/>
  <system-out/>
  <testcase classname="Day05.program01" name="testCase04" time="0.001"/>
  <system-out/>
  <testcase classname="Day05.program01" name="testCase02" time="0.004"/>
  <system-out/>
</testsuite> <!-- Day05.program01 -->
